<?xml version="1.0" encoding="UTF-8"?>
<!-- Generated by org.testng.reporters.JUnitReportReporter -->
<testsuite hostname="LAPTOP-J7KULFJ2" failures="0" tests="2" name="Runner_OrangeHRM.Runner_DashBoardWedget" time="0.099" errors="0" timestamp="2025-06-26T01:03:04 IST" skipped="0">
  <testcase classname="Runner_OrangeHRM.Runner_DashBoardWedget" name="runScenario" time="0.090"/>
  <testcase classname="Runner_OrangeHRM.Runner_DashBoardWedget" name="runScenario" time="0.009"/>
</testsuite> <!-- Runner_OrangeHRM.Runner_DashBoardWedget -->
