<?xml version="1.0" encoding="UTF-8"?>
<!-- Generated by org.testng.reporters.JUnitReportReporter -->
<testsuite hostname="LAPTOP-J7KULFJ2" failures="0" tests="1" name="Runner_OrangeHRM.Runner_OrangeHRM" time="0.078" errors="0" timestamp="2025-06-22T00:53:12 IST" skipped="0">
  <testcase classname="Runner_OrangeHRM.Runner_OrangeHRM" name="runScenario" time="0.078"/>
</testsuite> <!-- Runner_OrangeHRM.Runner_OrangeHRM -->
