<?xml version="1.0" encoding="UTF-8"?>
<!-- Generated by org.testng.reporters.JUnitReportReporter -->
<testsuite hostname="LAPTOP-J7KULFJ2" failures="0" tests="2" name="Runner_OrangeHRM.RunnerClass_OrangeHRM" time="0.154" errors="0" timestamp="2025-06-22T00:10:49 IST" skipped="0">
  <testcase classname="Runner_OrangeHRM.RunnerClass_OrangeHRM" name="runScenario" time="0.003"/>
  <testcase classname="Runner_OrangeHRM.RunnerClass_OrangeHRM" name="runScenario" time="0.151"/>
</testsuite> <!-- Runner_OrangeHRM.RunnerClass_OrangeHRM -->
